<?xml version="1.0" encoding="UTF-8"?>
<!-- Generated by org.testng.reporters.JUnitReportReporter -->
<testsuite hostname="LAPTOP-ABGUSIE1" failures="0" tests="6" name="org.sample.ExcelValue" time="6.414" errors="0" timestamp="2022-08-09T10:37:22 IST" skipped="5">
  <testcase classname="org.sample.ExcelValue" name="ipo" time="6.414"/>
  <system-out/>
  <testcase classname="org.sample.ExcelValue" name="demo3numbers">
    <skipped/>
  </testcase> <!-- demo3numbers -->
  <system-out/>
  <testcase classname="org.sample.ExcelValue" name="makeMyTrip">
    <skipped/>
  </testcase> <!-- makeMyTrip -->
  <system-out/>
  <testcase classname="org.sample.ExcelValue" name="webTable">
    <skipped/>
  </testcase> <!-- webTable -->
  <system-out/>
  <testcase classname="org.sample.ExcelValue" name="Demo1">
    <skipped/>
  </testcase> <!-- Demo1 -->
  <system-out/>
  <testcase classname="org.sample.ExcelValue" name="demo2">
    <skipped/>
  </testcase> <!-- demo2 -->
  <system-out/>
</testsuite> <!-- org.sample.ExcelValue -->
