<?xml version="1.0" encoding="UTF-8"?>
<!-- Generated by org.testng.reporters.JUnitReportReporter -->
<testsuite hostname="LAPTOP-ABGUSIE1" failures="0" tests="2" name="org.sample.AlertDemo" time="7.836" errors="0" timestamp="2022-07-28T17:14:59 IST" skipped="0">
  <testcase classname="org.sample.AlertDemo" name="tc1" time="3.229"/>
  <system-out/>
  <testcase classname="org.sample.AlertDemo" name="tc0" time="4.607"/>
  <system-out/>
</testsuite> <!-- org.sample.AlertDemo -->
