<?xml version="1.0" encoding="UTF-8"?>
<!-- Generated by org.testng.reporters.JUnitReportReporter -->
<testsuite hostname="LAPTOP-ABGUSIE1" failures="0" tests="1" name="org.sample.Practice" time="10.368" errors="0" timestamp="2022-07-28T09:34:06 IST" skipped="0">
  <testcase classname="org.sample.Practice" name="pra" time="10.368"/>
  <system-out/>
</testsuite> <!-- org.sample.Practice -->
